Iteration	Posterior	Likelihood	Prior	rate_log_sd	rate_loss	rate_neo	tree_length
0	-914.3634	-1054.367	140.0039	2.018292	6.917643	0.2720405	0.408305
6	-903.2035	-1042.688	139.4841	1.975833	10.73143	0.2179349	0.3588742
12	-905.8889	-1045.906	140.0167	2.067121	6.89635	0.2430057	0.3765592
18	-915.1275	-1054.573	139.4451	1.938354	10.66255	0.2577859	0.3898551
24	-914.0036	-1053.909	139.905	2.201288	5.947346	0.2874754	0.2941518
30	-905.8042	-1045.958	140.1542	1.573584	9.120145	0.1870357	0.798816
36	-910.0145	-1050.118	140.1033	1.599548	8.298305	0.2418252	0.8158245
42	-915.3544	-1055.086	139.7319	2.043529	10.27394	0.1431901	0.370183
48	-912.1072	-1051.552	139.4444	2.043529	9.710776	0.2594934	0.3381123
54	-922.4261	-1061.774	139.3479	1.925798	12.95645	0.1839925	0.3836419
60	-927.9239	-1067.16	139.2361	1.957563	14.71946	0.1375338	0.3483199
66	-923.6639	-1063.148	139.4843	1.943111	12.94207	0.1434797	0.4158762
72	-918.206	-1057.971	139.7651	1.888937	11.18547	0.148446	0.4383267
78	-919.3922	-1058.831	139.4383	1.891831	13.71521	0.148446	0.5023578
84	-925.6786	-1065.269	139.5902	1.792904	12.06438	0.1962319	0.5280964
90	-917.1362	-1056.59	139.4537	1.67514	14.0501	0.1918939	0.6033354
96	-912.9499	-1052.637	139.687	1.828565	11.11156	0.1966709	0.4866498
102	-913.3564	-1052.542	139.1859	1.731814	16.37695	0.1814528	0.4519129
108	-917.542	-1056.832	139.2899	1.761635	15.47791	0.1658959	0.5981053
114	-908.6958	-1047.536	138.8397	1.806704	20.04255	0.158987	0.4724321
120	-907.489	-1046.638	139.1491	1.844251	17.40049	0.1292528	0.4475453
126	-909.2186	-1048.862	139.6435	1.834671	12.28735	0.1572965	0.4715779
132	-901.3404	-1041.295	139.9546	1.781037	11.29957	0.1187116	0.6098849
138	-909.9942	-1049.185	139.1905	1.735464	16.92701	0.162589	0.4696058
144	-910.3886	-1049.582	139.193	1.712985	16.44058	0.1759208	0.3913311
150	-906.6974	-1046.925	140.2276	1.654539	8.277377	0.2151644	0.6557792
156	-918.7351	-1058.233	139.4979	1.617914	13.79964	0.2044676	0.6172444
162	-916.4425	-1056.416	139.974	1.728699	8.286093	0.2991845	0.5282272
168	-909.4168	-1050.01	140.5928	1.696777	4.982981	0.3420875	0.7006691
174	-908.6593	-1049.422	140.7624	1.681004	4.446354	0.3360009	0.7294564
180	-915.3565	-1055.576	140.2193	1.675988	5.621307	0.4228203	0.7956911
186	-916.6636	-1056.479	139.8157	1.686885	6.733424	0.5143024	0.755781
192	-916.8986	-1056.896	139.9977	1.679007	6.209458	0.5143024	0.6614952
198	-910.7317	-1050.788	140.0563	1.560321	6.209458	0.5523471	0.6614952
204	-907.1951	-1047.487	140.2921	1.572066	4.954746	0.5028795	0.8823433
210	-905.0811	-1045.119	140.0381	1.848748	7.29316	0.3032686	0.4789465
216	-904.2214	-1044.182	139.9609	1.953226	7.613998	0.2645255	0.4645954
222	-909.3822	-1048.735	139.3527	1.631344	15.60011	0.1877522	0.5252726
228	-910.0841	-1049.253	139.1687	1.796945	13.5482	0.2808355	0.5150372
234	-905.4629	-1045.562	140.0994	1.612348	7.303298	0.336534	0.7575513
240	-911.2645	-1051.29	140.0254	1.680168	8.909928	0.2371589	0.660281
246	-906.4438	-1046.229	139.7856	1.778586	8.300744	0.3617315	0.4889259
252	-907.1877	-1047.307	140.1196	1.717136	7.692292	0.2825279	0.4064459
258	-910.5101	-1050.494	139.9843	1.844364	8.287043	0.2443052	0.5807677
264	-911.0663	-1051.508	140.4417	1.753225	6.454343	0.2517538	0.511007
270	-908.992	-1048.892	139.9	1.401468	10.55643	0.1811503	1.036679
276	-910.1787	-1049.387	139.208	1.512808	18.04976	0.1681109	0.7251931
282	-911.662	-1051.819	140.1574	1.531987	10.03444	0.1681109	0.7251931
288	-910.1205	-1050.162	140.0412	1.524545	10.41186	0.1716462	0.8029976
294	-917.5076	-1057.517	140.009	1.892694	5.926243	0.4405894	0.4268138
300	-914.3547	-1054.149	139.794	1.865408	8.246661	0.3217501	0.4827617
306	-909.6482	-1049.743	140.0952	1.802728	7.50306	0.271036	0.3972702
312	-906.7018	-1046.199	139.4969	1.866354	12.7365	0.1647769	0.3826562
318	-904.2605	-1043.019	138.7586	2.026073	20.7537	0.08878038	0.3309484
324	-908.9455	-1047.91	138.9646	2.138848	17.55966	0.08878038	0.3630804
330	-909.7286	-1048.137	138.4082	2.089072	21.20906	0.142739	0.3020277
336	-904.5009	-1043.107	138.6064	2.419571	14.33929	0.142739	0.2241262
342	-897.9726	-1036.291	138.3188	2.480553	15.4001	0.1438661	0.188132
348	-903.127	-1042.053	138.9256	2.472841	10.94981	0.1330518	0.188132
354	-909.0071	-1047.768	138.7604	2.472841	9.478771	0.2560485	0.1836712
360	-905.8422	-1044.698	138.8563	2.405607	9.352925	0.253051	0.1836712
366	-911.3532	-1050.462	139.1086	2.545424	7.201742	0.2364722	0.1698349
372	-903.4095	-1042.09	138.6805	2.537559	9.945516	0.2068576	0.1637855
378	-905.3743	-1044.045	138.671	2.537559	10.42321	0.1949695	0.1711292
384	-909.3141	-1047.963	138.6485	2.493736	10.42321	0.2416898	0.1898858
390	-909.1204	-1047.921	138.8002	2.609771	10.42321	0.1291711	0.1658476
396	-916.5815	-1055.252	138.6704	2.608702	11.09203	0.1544464	0.181671
402	-921.3891	-1060.701	139.3124	2.373079	7.346773	0.2534508	0.2010231
408	-921.7294	-1060.698	138.9682	2.572522	5.655816	0.4345668	0.1620237
414	-921.0664	-1059.584	138.5172	2.740246	7.543011	0.2595928	0.1170774
420	-918.3699	-1056.791	138.4213	2.740246	8.770729	0.2193602	0.1211211
426	-927.6318	-1065.582	137.9504	2.740246	13.34702	0.1554494	0.1211211
432	-923.1095	-1061.408	138.2984	2.840621	10.06606	0.1471392	0.1156092
438	-910.7641	-1049.252	138.4882	2.887285	8.620217	0.1471392	0.1148372
444	-914.374	-1052.682	138.3084	2.816273	8.620217	0.2275072	0.1148372
450	-914.7201	-1052.957	138.2369	2.779261	11.40068	0.1527476	0.1311513
456	-910.7614	-1048.545	137.7833	2.768473	14.51423	0.1394164	0.1125065
462	-905.7052	-1043.638	137.9325	2.671162	14.14761	0.1666936	0.1290254
468	-906.8464	-1045.029	138.1831	2.285017	17.41066	0.1989377	0.2068376
474	-905.3773	-1044.2	138.8223	2.386469	10.13959	0.2526152	0.2068376
480	-900.9262	-1039.949	139.0228	2.457693	9.310249	0.2015682	0.2055104
486	-903.5677	-1042.34	138.7721	2.154254	12.98123	0.2206702	0.217487
492	-894.7932	-1033.787	138.9934	2.271139	13.31045	0.140735	0.2782453
498	-901.8175	-1041.239	139.4212	2.280913	6.836974	0.3616252	0.2710248
504	-909.3755	-1048.607	139.2316	2.320266	7.986843	0.3110297	0.2561637
510	-917.2386	-1056.715	139.4767	2.375848	8.545096	0.1634034	0.2561637
516	-907.5724	-1046.367	138.7947	2.438313	11.11895	0.185053	0.1996055
522	-920.4286	-1058.925	138.496	2.43843	12.60214	0.1597995	0.1518018
528	-914.0787	-1054.043	139.9645	2.231431	6.527023	0.2224864	0.3442189
534	-914.1398	-1052.944	138.8044	2.285818	11.23609	0.2330579	0.2043492
540	-907.2632	-1045.451	138.188	2.274767	18.11748	0.1721048	0.1997614
546	-917.1986	-1055.535	138.3363	2.30232	18.11748	0.1375514	0.2202375
552	-914.5184	-1053.24	138.7213	2.346126	14.01964	0.1367171	0.2170745
558	-910.6579	-1049.468	138.8099	2.39381	12.3247	0.1542012	0.2120695
564	-908.2313	-1046.706	138.475	2.40748	15.00936	0.1312378	0.1862343
570	-909.548	-1047.987	138.4393	2.416292	15.00936	0.1576776	0.2082566
576	-916.4826	-1053.935	137.4526	2.72804	19.32993	0.1211901	0.1198589
582	-916.532	-1054.103	137.5712	2.851491	16.40618	0.1236842	0.1152025
588	-913.9979	-1051.446	137.448	2.638959	19.79136	0.1468628	0.126879
594	-911.5179	-1050.661	139.1433	2.719414	5.745334	0.2440465	0.1462985
600	-911.9985	-1050.157	138.1582	2.86955	8.865431	0.2188679	0.1039428
606	-912.4582	-1050.384	137.9253	2.839601	8.878451	0.3093399	0.09996856
612	-912.5133	-1050.313	137.7997	2.941038	8.878451	0.3032857	0.09534363
618	-909.2821	-1047.49	138.2082	3.010079	7.152891	0.203344	0.08327029
624	-908.7368	-1046.551	137.8138	2.87816	9.984429	0.2241131	0.087902
630	-915.0515	-1052.443	137.3913	2.87816	12.98507	0.2241131	0.087902
636	-912.778	-1050.221	137.4434	2.87816	12.57831	0.2241131	0.087902
642	-906.6098	-1044.371	137.7612	2.87816	10.32244	0.2241131	0.087902
648	-909.7545	-1047.547	137.7927	2.87816	10.11883	0.2241131	0.087902
654	-912.3824	-1050.113	137.7302	2.87816	10.52638	0.2241131	0.087902
660	-908.6253	-1046.64	138.0146	2.87816	8.777836	0.2241131	0.087902
666	-911.0581	-1048.822	137.7643	2.87816	10.30236	0.2241131	0.087902
672	-917.1765	-1056.157	138.9807	1.081278	15.78218	0.1161342	1.684492
678	-917.1609	-1055.826	138.665	1.151952	22.50776	0.1158686	1.411203
684	-911.4046	-1049.393	137.9886	2.87816	8.926783	0.2241131	0.087902
690	-923.8502	-1063.102	139.2522	1.184876	9.508001	0.2025935	1.792177
696	-923.0912	-1062.567	139.4754	0.9686356	9.808223	0.2678715	1.627301
702	-910.1235	-1047.516	137.3925	2.87816	12.9756	0.2241131	0.087902
708	-909.0839	-1046.88	137.7959	2.87816	10.09852	0.2241131	0.087902
714	-907.1864	-1044.551	137.3646	2.87816	13.19718	0.2241131	0.087902
720	-908.2077	-1045.532	137.3244	2.87816	13.52363	0.2241131	0.087902
726	-907.5433	-1045.371	137.8278	2.87816	9.895913	0.2241131	0.087902
732	-906.2188	-1043.757	137.5384	2.87816	11.86373	0.2241131	0.087902
738	-904.9891	-1042.831	137.842	2.87816	9.807182	0.2241131	0.087902
744	-910.1843	-1048.026	137.842	2.87816	9.807182	0.2241131	0.087902
750	-902.8408	-1040.813	137.9719	2.87816	9.023855	0.2241131	0.087902
756	-905.9313	-1043.456	137.5249	2.87816	11.9631	0.2241131	0.087902
762	-904.8261	-1042.82	137.9943	2.87816	8.894411	0.2241131	0.087902
768	-909.7744	-1047.522	137.7478	2.87816	10.41054	0.2241131	0.087902
774	-909.5762	-1047.493	137.9168	2.87816	9.349184	0.2241131	0.087902
780	-912.9798	-1051.316	138.3363	2.87816	7.100027	0.2241131	0.087902
786	-915.4692	-1053.145	137.6757	2.87816	10.8928	0.2241131	0.087902
792	-915.914	-1053.91	137.9957	2.87816	8.886298	0.2241131	0.087902
798	-912.0046	-1050	137.9957	2.87816	8.886298	0.2241131	0.087902
804	-913.0681	-1051.064	137.9957	2.87816	8.886298	0.2241131	0.087902
810	-913.2577	-1050.936	137.6782	2.87816	10.87595	0.2241131	0.087902
816	-905.7597	-1043.402	137.6425	2.87816	11.12158	0.2241131	0.087902
822	-905.875	-1043.944	138.0694	2.87816	8.471029	0.2241131	0.087902
828	-912.1495	-1049.954	137.8048	2.87816	10.04149	0.2241131	0.087902
834	-908.8516	-1046.646	137.7949	2.87816	10.10518	0.2241131	0.087902
840	-906.971	-1044.88	137.9095	2.87816	9.393454	0.2241131	0.087902
846	-909.4188	-1046.827	137.4077	2.87816	12.85524	0.2241131	0.087902
852	-908.1496	-1045.582	137.4322	2.87816	12.66459	0.2241131	0.087902
858	-907.8295	-1045.718	137.8884	2.87816	9.520992	0.2241131	0.087902
864	-904.4118	-1042.285	137.8736	2.87816	9.611388	0.2241131	0.087902
870	-907.7833	-1045.611	137.8272	2.87816	9.899776	0.2241131	0.087902
876	-909.4929	-1047.615	138.1221	2.87816	8.183932	0.2241131	0.087902
882	-910.2537	-1048.376	138.1221	2.87816	8.183932	0.2241131	0.087902
888	-905.2636	-1043.148	137.8844	2.87816	9.545716	0.2241131	0.087902
894	-904.6521	-1042.712	138.0598	2.87816	8.523796	0.2241131	0.087902
900	-919.8483	-1060.675	140.8267	1.498126	3.766127	0.4140548	0.9591887
906	-925.4251	-1066.499	141.0738	1.425042	3.170441	0.4034739	1.031217
912	-906.184	-1043.953	137.7694	2.87816	10.26956	0.2241131	0.087902
918	-907.9741	-1045.556	137.5816	2.87816	11.55115	0.2241131	0.087902
924	-906.8018	-1044.688	137.8862	2.87816	9.534591	0.2241131	0.087902
930	-905.7175	-1043.695	137.9775	2.87816	8.991312	0.2241131	0.087902
936	-907.2521	-1045.189	137.9374	2.87816	9.226321	0.2241131	0.087902
942	-911.7672	-1049.944	138.177	2.87816	7.894078	0.2241131	0.087902
948	-909.4991	-1047.274	137.7746	2.87816	10.23547	0.2241131	0.087902
954	-906.4963	-1044.339	137.8423	2.87816	9.804998	0.2241131	0.087902
960	-921.0975	-1060.471	139.3735	2.097196	13.49342	0.1048073	0.3538857
966	-919.596	-1058.264	138.6681	2.164801	19.49108	0.103176	0.331392
972	-921.5959	-1060.19	138.5944	2.119553	19.17898	0.126364	0.2875244
978	-929.1209	-1067.91	138.7895	2.136845	19.17898	0.08866164	0.3341495
984	-906.138	-1044.305	138.1672	2.87816	7.945106	0.2241131	0.087902
990	-907.7619	-1046.365	138.6027	2.87816	5.921489	0.2241131	0.087902
996	-902.2954	-1040.028	137.7328	2.87816	10.50902	0.2241131	0.087902
1002	-903.495	-1041.511	138.0156	2.87816	8.772118	0.2241131	0.087902
1008	-903.3984	-1041.273	137.8749	2.87816	9.603449	0.2241131	0.087902
1014	-902.0845	-1039.959	137.8749	2.87816	9.603449	0.2241131	0.087902
1020	-902.1806	-1040.056	137.8749	2.87816	9.603449	0.2241131	0.087902
1026	-904.864	-1042.739	137.8749	2.87816	9.603449	0.2241131	0.087902
1032	-905.9834	-1043.858	137.8749	2.87816	9.603449	0.2241131	0.087902
1038	-907.8154	-1045.69	137.8749	2.87816	9.603449	0.2241131	0.087902
1044	-909.1195	-1047.032	137.9129	2.87816	9.373008	0.2241131	0.087902
1050	-910.5484	-1048.099	137.5503	2.87816	11.7773	0.2241131	0.087902
1056	-910.4687	-1048.809	138.3404	2.87816	7.08069	0.2241131	0.087902
1062	-940.0758	-1080.476	140.3998	1.688657	4.740479	0.5145348	0.5917989
1068	-948.3513	-1088.603	140.2518	1.881842	4.402424	0.5367453	0.647427
1074	-920.2792	-1058.758	138.4785	2.55693	11.41817	0.1897252	0.1603466
1080	-916.2889	-1055.003	138.7144	2.517041	11.09435	0.1662138	0.1795622
1086	-912.1942	-1050.822	138.6275	2.601684	9.062013	0.209238	0.1365684
1092	-904.031	-1042.891	138.8595	2.638428	7.401939	0.2672138	0.1611704
1098	-914.821	-1053.761	138.94	2.74216	5.950182	0.3045214	0.1503943
1104	-919.0094	-1058.162	139.1528	2.568654	5.947446	0.3022222	0.1578137
1110	-920.3295	-1058.259	137.9294	2.87816	9.274351	0.2241131	0.087902
1116	-917.5804	-1055.624	138.044	2.87816	8.612303	0.2241131	0.087902
1122	-910.4363	-1047.895	137.4584	2.87816	12.46288	0.2241131	0.087902
1128	-911.486	-1049.595	138.1086	2.87816	8.256565	0.2241131	0.087902
1134	-931.0401	-1069.593	138.5525	2.712936	8.879835	0.2371239	0.1534852
1140	-907.8402	-1045.328	137.4879	2.87816	12.23936	0.2241131	0.087902
1146	-905.4979	-1042.925	137.4274	2.87816	12.70194	0.2241131	0.087902
1152	-904.8824	-1042.727	137.8445	2.87816	9.791449	0.2241131	0.087902
1158	-905.7079	-1043.467	137.7593	2.87816	10.33514	0.2241131	0.087902
1164	-907.0284	-1045.179	138.1504	2.87816	8.033443	0.2241131	0.087902
1170	-903.8353	-1041.805	137.9697	2.87816	9.03632	0.2241131	0.087902
1176	-903.8394	-1041.785	137.9458	2.87816	9.177021	0.2241131	0.087902
1182	-906.491	-1044.505	138.0136	2.87816	8.783623	0.2241131	0.087902
1188	-914.2347	-1052.082	137.8477	2.87816	9.771694	0.2241131	0.087902
1194	-911.6829	-1049.531	137.8477	2.87816	9.771694	0.2241131	0.087902
1200	-911.7298	-1049.982	138.2525	2.87816	7.509049	0.2241131	0.087902
1206	-907.7892	-1045.848	138.0587	2.87816	8.529994	0.2241131	0.087902
1212	-906.5182	-1044.631	138.1131	2.87816	8.232543	0.2241131	0.087902
1218	-908.1	-1045.741	137.6406	2.87816	11.1342	0.2241131	0.087902
1224	-904.3812	-1042.022	137.6406	2.87816	11.1342	0.2241131	0.087902
1230	-906.4566	-1043.944	137.4871	2.87816	12.24544	0.2241131	0.087902
1236	-908.0952	-1046.026	137.9309	2.87816	9.265134	0.2241131	0.087902
1242	-908.9682	-1046.899	137.9309	2.87816	9.265134	0.2241131	0.087902
1248	-905.6941	-1043.276	137.5816	2.87816	11.55098	0.2241131	0.087902
1254	-903.8512	-1041.433	137.5816	2.87816	11.55098	0.2241131	0.087902
1260	-924.4471	-1064.726	140.2793	2.060687	3.662032	0.5829614	0.4406897
1266	-924.5577	-1064.864	140.3058	2.151429	2.967605	0.662857	0.3578303
1272	-901.3228	-1039.307	137.9842	2.87816	8.952248	0.2241131	0.087902
1278	-902.174	-1040.158	137.9842	2.87816	8.952248	0.2241131	0.087902
1284	-903.5334	-1041.01	137.4762	2.87816	12.3277	0.2241131	0.087902
1290	-901.6049	-1039.382	137.7767	2.87816	10.22204	0.2241131	0.087902
1296	-905.2818	-1042.99	137.7082	2.87816	10.67282	0.2241131	0.087902
1302	-906.9798	-1044.974	137.9937	2.87816	8.897433	0.2241131	0.087902
1308	-906.7072	-1044.327	137.62	2.87816	11.27871	0.2241131	0.087902
1314	-908.7079	-1046.986	138.2778	2.87816	7.383631	0.2241131	0.087902
1320	-910.2595	-1047.972	137.7121	2.87816	10.64726	0.2241131	0.087902
1326	-911.3879	-1049.425	138.0368	2.87816	8.652725	0.2241131	0.087902
1332	-906.626	-1044.315	137.6894	2.87816	10.79956	0.2241131	0.087902
1338	-908.8544	-1046.775	137.9205	2.87816	9.327056	0.2241131	0.087902
1344	-900.2056	-1038.117	137.9111	2.87816	9.383515	0.2241131	0.087902
1350	-913.2811	-1051.44	138.1593	2.87816	7.986507	0.2241131	0.087902
1356	-903.3678	-1041.091	137.7229	2.87816	10.57488	0.2241131	0.087902
1362	-922.8798	-1063.447	140.5676	1.708084	5.077336	0.3482239	0.6515896
1368	-919.0668	-1059.227	140.1602	1.726971	7.914425	0.2404902	0.6408551
1374	-901.7765	-1039.87	138.0934	2.87816	8.339037	0.2241131	0.087902
1380	-902.6536	-1040.904	138.2503	2.87816	7.519871	0.2241131	0.087902
1386	-903.6417	-1041.757	138.1155	2.87816	8.219446	0.2241131	0.087902
1392	-908.7156	-1046.579	137.863	2.87816	9.676931	0.2241131	0.087902
1398	-908.7823	-1046.71	137.9274	2.87816	9.286212	0.2241131	0.087902
1404	-909.0727	-1046.695	137.6218	2.87816	11.26559	0.2241131	0.087902
1410	-902.1435	-1040.276	138.1329	2.87816	8.126493	0.2241131	0.087902
1416	-902.7151	-1040.649	137.9338	2.87816	9.247917	0.2241131	0.087902
1422	-904.45	-1042.384	137.9338	2.87816	9.247917	0.2241131	0.087902
1428	-902.2312	-1040.216	137.9848	2.87816	8.948988	0.2241131	0.087902
1434	-904.9137	-1042.958	138.0444	2.87816	8.609843	0.2241131	0.087902
1440	-901.1735	-1039.056	137.8823	2.87816	9.558327	0.2241131	0.087902
1446	-901.7053	-1039.588	137.8823	2.87816	9.558327	0.2241131	0.087902
1452	-903.9688	-1041.732	137.7631	2.87816	10.31049	0.2241131	0.087902
1458	-907.9085	-1045.033	137.1249	2.87816	15.24336	0.2241131	0.087902
1464	-905.1144	-1043.213	138.0982	2.87816	8.313171	0.2241131	0.087902
1470	-904.1201	-1042.132	138.0123	2.87816	8.790984	0.2241131	0.087902
1476	-906.0011	-1043.849	137.8482	2.87816	9.76869	0.2241131	0.087902
1482	-906.3518	-1044.119	137.7674	2.87816	10.28266	0.2241131	0.087902
1488	-906.2299	-1043.824	137.5943	2.87816	11.4598	0.2241131	0.087902
1494	-905.277	-1043.161	137.8841	2.87816	9.547081	0.2241131	0.087902
1500	-905.1987	-1043.083	137.8841	2.87816	9.547081	0.2241131	0.087902
1506	-901.995	-1039.826	137.8307	2.87816	9.878136	0.2241131	0.087902
1512	-900.044	-1037.86	137.8163	2.87816	9.968894	0.2241131	0.087902
1518	-900.4816	-1038.562	138.08	2.87816	8.412453	0.2241131	0.087902
1524	-904.3212	-1042.573	138.2517	2.87816	7.512965	0.2241131	0.087902
1530	-908.707	-1046.144	137.4372	2.87816	12.62541	0.2241131	0.087902
1536	-908.679	-1046.116	137.4372	2.87816	12.62541	0.2241131	0.087902
1542	-903.5318	-1041.543	138.0108	2.87816	8.799834	0.2241131	0.087902
1548	-906.6785	-1044.608	137.9293	2.87816	9.274619	0.2241131	0.087902
1554	-907.938	-1045.809	137.8714	2.87816	9.62489	0.2241131	0.087902
1560	-916.1951	-1054.229	138.0338	2.87816	8.669341	0.2241131	0.087902
1566	-911.5134	-1049.482	137.9686	2.87816	9.042948	0.2241131	0.087902
1572	-911.1647	-1049.557	138.3922	2.87816	6.838039	0.2241131	0.087902
1578	-907.1666	-1045.467	138.3001	2.87816	7.27451	0.2241131	0.087902
1584	-902.8641	-1040.499	137.6348	2.87816	11.1751	0.2241131	0.087902
1590	-901.8178	-1039.611	137.7929	2.87816	10.11795	0.2241131	0.087902
1596	-900.1025	-1038.004	137.9013	2.87816	9.442555	0.2241131	0.087902
1602	-900.1182	-1038.094	137.9757	2.87816	9.001662	0.2241131	0.087902
1608	-900.754	-1038.256	137.5021	2.87816	12.1323	0.2241131	0.087902
1614	-902.8596	-1040.431	137.5711	2.87816	11.62656	0.2241131	0.087902
1620	-910.2335	-1050.555	140.3211	1.449299	7.454233	0.1645243	1.149918
1626	-905.5576	-1046.161	140.6034	1.303635	4.23902	0.4459343	1.149918
1632	-905.2367	-1043.271	138.0344	2.87816	8.666095	0.2241131	0.087902
1638	-904.6642	-1042.579	137.9147	2.87816	9.36198	0.2241131	0.087902
1644	-908.132	-1045.524	137.3917	2.87816	12.98159	0.2241131	0.087902
1650	-905.9786	-1043.37	137.3917	2.87816	12.98159	0.2241131	0.087902
1656	-907.0998	-1044.63	137.5298	2.87816	11.92722	0.2241131	0.087902
1662	-901.9711	-1039.87	137.899	2.87816	9.456785	0.2241131	0.087902
1668	-904.2411	-1041.591	137.3496	2.87816	13.31803	0.2241131	0.087902
1674	-906.4701	-1044.241	137.7705	2.87816	10.26253	0.2241131	0.087902
1680	-905.4976	-1043.268	137.7705	2.87816	10.26253	0.2241131	0.087902
1686	-905.029	-1043.082	138.0528	2.87816	8.562809	0.2241131	0.087902
1692	-903.0951	-1041.027	137.9317	2.87816	9.260208	0.2241131	0.087902
1698	-904.9311	-1042.863	137.9317	2.87816	9.260208	0.2241131	0.087902
1704	-902.0599	-1039.88	137.8206	2.87816	9.941704	0.2241131	0.087902
1710	-903.6228	-1041.368	137.7448	2.87816	10.43031	0.2241131	0.087902
1716	-905.2627	-1043.071	137.8083	2.87816	10.01957	0.2241131	0.087902
1722	-903.1215	-1041.118	137.9964	2.87816	8.881933	0.2241131	0.087902
1728	-903.6587	-1041.379	137.7201	2.87816	10.59366	0.2241131	0.087902
1734	-904.5236	-1042.464	137.9402	2.87816	9.210148	0.2241131	0.087902
1740	-900.0967	-1037.947	137.8504	2.87816	9.754691	0.2241131	0.087902
1746	-903.5389	-1041.369	137.83	2.87816	9.882615	0.2241131	0.087902
1752	-906.5443	-1043.967	137.4231	2.87816	12.73526	0.2241131	0.087902
1758	-911.386	-1049.196	137.8098	2.87816	10.01006	0.2241131	0.087902
1764	-913.8359	-1051.535	137.6993	2.87816	11.30452	0.2117541	0.09319648
1770	-921.5262	-1060.988	139.4621	1.265207	13.14754	0.1185113	1.410621
1776	-921.8489	-1061.551	139.7021	1.171192	7.132126	0.2691837	1.66694
1782	-918.7457	-1057.585	138.8398	1.06272	9.538465	0.1456145	2.266806
1788	-917.1393	-1056.58	139.4407	1.011008	9.456064	0.3760345	1.485616
1794	-922.7233	-1062.139	139.4153	1.055564	8.1345	0.2253699	1.88937
1800	-919.3668	-1059.036	139.6688	0.9816615	7.481529	0.2068223	1.88937
1806	-914.7792	-1053.712	138.933	0.9730695	9.723688	0.27332	1.999185
1812	-905.2341	-1044.603	139.3692	0.9625023	9.978004	0.2707404	1.683282
1818	-914.0407	-1053.419	139.3781	0.9898061	8.693294	0.1894462	1.961184
1824	-918.0774	-1057.466	139.3884	1.163833	9.469489	0.1699591	1.787226
1830	-912.5207	-1052.136	139.6155	1.277926	10.04264	0.1826709	1.443174
1836	-920.9368	-1060.439	139.5026	1.324734	11.2809	0.2337082	1.228591
1842	-919.3038	-1059.574	140.2707	1.486761	6.549237	0.2884702	1.017748
1848	-908.0803	-1048.615	140.5349	1.409037	5.259994	0.3031524	1.107618
1854	-915.1156	-1055.268	140.1523	1.361515	6.292424	0.4235057	1.036356
1860	-923.3155	-1062.998	139.6826	1.158733	11.26996	0.2325467	1.220813
1866	-928.9737	-1068.693	139.7192	1.153863	9.355292	0.1726687	1.56566
1872	-910.9233	-1050.987	140.0634	1.693304	8.022542	0.2842329	0.6380567
1878	-915.0062	-1055.13	140.1236	1.693304	8.022542	0.2723126	0.5247098
1884	-913.2978	-1053.619	140.3209	1.740386	7.53005	0.1586564	0.8636354
1890	-926.6354	-1064.939	138.3036	2.549183	11.43907	0.2183434	0.1399715
1896	-916.4145	-1055.01	138.5953	2.553519	10.00831	0.2290988	0.1647305
1902	-914.7535	-1053.417	138.6634	2.487065	10.23261	0.246581	0.1874597
1908	-913.8545	-1052.598	138.7434	2.414404	10.8836	0.2312345	0.2084128
1914	-923.2996	-1062.089	138.7893	2.388565	11.06343	0.2648977	0.2694012
1920	-915.9779	-1055.788	139.8105	2.440114	4.308635	0.4546508	0.3205573
1926	-923.6276	-1063.301	139.6731	2.257777	4.389352	0.5945719	0.2703594
1932	-924.3602	-1063.729	139.3689	2.418429	4.321751	0.7161285	0.271141
1938	-917.9854	-1057.453	139.468	2.474753	3.081607	0.9724954	0.271141
1944	-923.3184	-1062.839	139.5207	2.455198	3.081607	0.9724954	0.2924805
1950	-918.8854	-1058.401	139.5158	1.577951	13.6436	0.2163036	0.6337421
1956	-919.7928	-1059.245	139.452	1.451607	17.46182	0.140196	0.6736508
1962	-918.9922	-1059.018	140.026	2.090753	4.415264	0.5453925	0.3778066
1968	-922.3455	-1062.274	139.9282	2.00422	4.882959	0.5510419	0.3333229
1974	-918.3059	-1058.449	140.1434	1.766805	5.279835	0.5389689	0.5411421
1980	-915.5004	-1056.192	140.6911	2.020363	3.370047	0.423719	0.5686139
1986	-912.3064	-1052.141	139.8348	1.878442	5.623995	0.6125404	0.5008694
1992	-919.366	-1059.166	139.8	1.873764	5.623995	0.6405412	0.5020904
1998	-917.4223	-1057.504	140.0819	1.902829	5.961831	0.3978313	0.5020904
2004	-918.4372	-1058.196	139.7591	1.942052	7.230786	0.3977213	0.4990461
2010	-912.7459	-1052.787	140.0412	1.82529	7.461812	0.2966557	0.5355986
2016	-910.2509	-1050.367	140.116	1.723791	7.461812	0.2966557	0.6305995
2022	-909.1722	-1049.965	140.7928	1.736732	4.523253	0.2926073	0.7106325
2028	-918.2017	-1058.327	140.1251	1.839617	6.576153	0.3349233	0.5552923
2034	-907.5309	-1047.558	140.027	1.675293	9.2004	0.221109	0.6556854
2040	-913.2481	-1052.627	139.3791	1.502654	13.57835	0.2298485	0.9001977
2046	-914.4017	-1054.394	139.9921	1.422741	12.1433	0.1608652	0.7145155
2052	-907.4542	-1047.041	139.5872	1.608437	13.41473	0.1782147	0.7133205
2058	-907.1645	-1046.998	139.8337	1.703611	11.74911	0.132198	0.7650761
2064	-914.8876	-1053.545	138.6573	1.773978	22.08033	0.1694822	0.4290786
2070	-910.8817	-1050.829	139.9475	1.773978	9.59802	0.2053686	0.5139936
2076	-909.9451	-1049.183	139.2381	1.934373	14.44406	0.1470698	0.3290335
2082	-900.3952	-1039.342	138.947	2.051125	15.91797	0.1470698	0.3187953
2088	-893.1384	-1032.436	139.2971	1.957665	14.18282	0.1470698	0.3971394
2094	-910.2965	-1049.538	139.2411	1.94854	14.18282	0.1583012	0.3570813
2100	-913.5696	-1053.145	139.5751	1.94854	12.04249	0.145351	0.3863728
2106	-909.7019	-1049.06	139.3586	1.94854	12.16257	0.2127533	0.4168876
2112	-903.3934	-1042.611	139.218	1.94633	14.25308	0.1722943	0.4038326
2118	-911.4677	-1050.853	139.3853	1.775176	14.82071	0.1597562	0.4721207
2124	-910.437	-1050.285	139.8484	2.140217	7.688699	0.2278869	0.4323444
2130	-922.1069	-1062.868	140.7614	1.779791	3.867984	0.4131865	0.5966574
2136	-913.8886	-1054.215	140.3262	1.73612	4.686732	0.5328145	0.6271528
2142	-917.7211	-1058.407	140.6858	1.63848	4.032414	0.3887733	0.9137668
2148	-912.4484	-1052.787	140.3389	1.658145	5.967696	0.3267404	0.8039478
